<?xml version="1.0" encoding="UTF-8"?>
<!-- Generated by org.testng.reporters.JUnitXMLReporter -->
<testsuite hostname="VDO109.local" name="AdServe" tests="1" failures="0" timestamp="20 May 2017 19:19:12 GMT" time="100.433" errors="0">
  <testcase name="@BeforeClass beforeClass" time="0.0" classname="projects.e2etest.LaunchE2ETest">
    <failure type="java.lang.AssertionError" message="All system end points (vanilla, chocolate, config server, portal, aerospike) are not up and running, exiting tests.">
      <![CDATA[java.lang.AssertionError: All system end points (vanilla, chocolate, config server, portal, aerospike) are not up and running, exiting tests.
	at projects.e2etest.LaunchE2ETest.beforeClass(LaunchE2ETest.java:103)
... Removed 25 stack frames]]>
    </failure>
  </testcase> <!-- @BeforeClass beforeClass -->
  <testcase name="@AfterClass afterTest" time="0.0" classname="projects.e2etest.LaunchE2ETest">
    <skipped/>
  </testcase> <!-- @AfterClass afterTest -->
  <testcase name="launchTest" time="0.001" classname="projects.e2etest.LaunchE2ETest">
    <skipped/>
  </testcase> <!-- launchTest -->
</testsuite> <!-- AdServe -->
